{"/home/guillaume/Code/react-ejs-app/store.js": {"path":"/home/guillaume/Code/react-ejs-app/store.js","all":false,"statementMap":{"0":{"start":{"line":1,"column":0},"end":{"line":1,"column":34}},"1":{"start":{"line":2,"column":0},"end":{"line":2,"column":29}},"2":{"start":{"line":3,"column":0},"end":{"line":3,"column":0}},"3":{"start":{"line":4,"column":0},"end":{"line":4,"column":53}},"4":{"start":{"line":5,"column":0},"end":{"line":5,"column":76}},"5":{"start":{"line":6,"column":0},"end":{"line":6,"column":30}},"6":{"start":{"line":7,"column":0},"end":{"line":7,"column":54}},"7":{"start":{"line":8,"column":0},"end":{"line":8,"column":28}},"8":{"start":{"line":9,"column":0},"end":{"line":9,"column":2}},"9":{"start":{"line":10,"column":0},"end":{"line":10,"column":24}},"10":{"start":{"line":11,"column":0},"end":{"line":11,"column":31}},"11":{"start":{"line":12,"column":0},"end":{"line":12,"column":34}},"12":{"start":{"line":13,"column":0},"end":{"line":13,"column":45}},"13":{"start":{"line":14,"column":0},"end":{"line":14,"column":2}},"14":{"start":{"line":15,"column":0},"end":{"line":15,"column":35}},"15":{"start":{"line":16,"column":0},"end":{"line":16,"column":34}},"16":{"start":{"line":17,"column":0},"end":{"line":17,"column":50}},"17":{"start":{"line":18,"column":0},"end":{"line":18,"column":46}},"18":{"start":{"line":19,"column":0},"end":{"line":19,"column":19}},"19":{"start":{"line":20,"column":0},"end":{"line":20,"column":2}},"20":{"start":{"line":21,"column":0},"end":{"line":21,"column":43}},"21":{"start":{"line":22,"column":0},"end":{"line":22,"column":34}},"22":{"start":{"line":23,"column":0},"end":{"line":23,"column":43}},"23":{"start":{"line":24,"column":0},"end":{"line":24,"column":32}},"24":{"start":{"line":25,"column":0},"end":{"line":25,"column":43}},"25":{"start":{"line":26,"column":0},"end":{"line":26,"column":9}},"26":{"start":{"line":27,"column":0},"end":{"line":27,"column":23}},"27":{"start":{"line":28,"column":0},"end":{"line":28,"column":7}},"28":{"start":{"line":29,"column":0},"end":{"line":29,"column":31}},"29":{"start":{"line":30,"column":0},"end":{"line":30,"column":2}},"30":{"start":{"line":31,"column":0},"end":{"line":31,"column":34}},"31":{"start":{"line":32,"column":0},"end":{"line":32,"column":34}},"32":{"start":{"line":33,"column":0},"end":{"line":33,"column":65}},"33":{"start":{"line":34,"column":0},"end":{"line":34,"column":2}},"34":{"start":{"line":35,"column":0},"end":{"line":35,"column":0}},"35":{"start":{"line":36,"column":0},"end":{"line":36,"column":59}}},"s":{"0":1,"1":0,"2":1,"3":1,"4":1,"5":1,"6":15,"7":15,"8":1,"9":1,"10":1,"11":4,"12":4,"13":1,"14":1,"15":2,"16":2,"17":2,"18":2,"19":1,"20":1,"21":3,"22":3,"23":6,"24":2,"25":2,"26":4,"27":3,"28":3,"29":1,"30":1,"31":3,"32":3,"33":1,"34":1,"35":1},"branchMap":{"0":{"type":"branch","line":2,"loc":{"start":{"line":2,"column":0},"end":{"line":2,"column":29}},"locations":[{"start":{"line":2,"column":0},"end":{"line":2,"column":29}}]},"1":{"type":"branch","line":2,"loc":{"start":{"line":2,"column":0},"end":{"line":2,"column":29}},"locations":[{"start":{"line":2,"column":0},"end":{"line":2,"column":29}}]},"2":{"type":"branch","line":2,"loc":{"start":{"line":2,"column":0},"end":{"line":2,"column":29}},"locations":[{"start":{"line":2,"column":0},"end":{"line":2,"column":29}}]},"3":{"type":"branch","line":2,"loc":{"start":{"line":2,"column":0},"end":{"line":2,"column":29}},"locations":[{"start":{"line":2,"column":0},"end":{"line":2,"column":29}}]},"4":{"type":"branch","line":2,"loc":{"start":{"line":2,"column":0},"end":{"line":2,"column":29}},"locations":[{"start":{"line":2,"column":0},"end":{"line":2,"column":29}}]},"5":{"type":"branch","line":2,"loc":{"start":{"line":2,"column":0},"end":{"line":2,"column":29}},"locations":[{"start":{"line":2,"column":0},"end":{"line":2,"column":29}}]},"6":{"type":"branch","line":2,"loc":{"start":{"line":2,"column":0},"end":{"line":2,"column":29}},"locations":[{"start":{"line":2,"column":0},"end":{"line":2,"column":29}}]},"7":{"type":"branch","line":2,"loc":{"start":{"line":2,"column":0},"end":{"line":2,"column":29}},"locations":[{"start":{"line":2,"column":0},"end":{"line":2,"column":29}}]},"8":{"type":"branch","line":2,"loc":{"start":{"line":2,"column":0},"end":{"line":2,"column":29}},"locations":[{"start":{"line":2,"column":0},"end":{"line":2,"column":29}}]},"9":{"type":"branch","line":2,"loc":{"start":{"line":2,"column":0},"end":{"line":2,"column":29}},"locations":[{"start":{"line":2,"column":0},"end":{"line":2,"column":29}}]},"10":{"type":"branch","line":2,"loc":{"start":{"line":2,"column":0},"end":{"line":2,"column":29}},"locations":[{"start":{"line":2,"column":0},"end":{"line":2,"column":29}}]},"11":{"type":"branch","line":2,"loc":{"start":{"line":2,"column":0},"end":{"line":2,"column":29}},"locations":[{"start":{"line":2,"column":0},"end":{"line":2,"column":29}}]},"12":{"type":"branch","line":2,"loc":{"start":{"line":2,"column":0},"end":{"line":2,"column":29}},"locations":[{"start":{"line":2,"column":0},"end":{"line":2,"column":29}}]},"13":{"type":"branch","line":2,"loc":{"start":{"line":2,"column":0},"end":{"line":2,"column":29}},"locations":[{"start":{"line":2,"column":0},"end":{"line":2,"column":29}}]},"14":{"type":"branch","line":2,"loc":{"start":{"line":2,"column":0},"end":{"line":2,"column":29}},"locations":[{"start":{"line":2,"column":0},"end":{"line":2,"column":29}}]},"15":{"type":"branch","line":2,"loc":{"start":{"line":2,"column":0},"end":{"line":2,"column":29}},"locations":[{"start":{"line":2,"column":0},"end":{"line":2,"column":29}}]},"16":{"type":"branch","line":2,"loc":{"start":{"line":2,"column":0},"end":{"line":2,"column":29}},"locations":[{"start":{"line":2,"column":0},"end":{"line":2,"column":29}}]},"17":{"type":"branch","line":2,"loc":{"start":{"line":2,"column":0},"end":{"line":2,"column":29}},"locations":[{"start":{"line":2,"column":0},"end":{"line":2,"column":29}}]},"18":{"type":"branch","line":2,"loc":{"start":{"line":2,"column":0},"end":{"line":2,"column":29}},"locations":[{"start":{"line":2,"column":0},"end":{"line":2,"column":29}}]},"19":{"type":"branch","line":2,"loc":{"start":{"line":2,"column":0},"end":{"line":2,"column":29}},"locations":[{"start":{"line":2,"column":0},"end":{"line":2,"column":29}}]},"20":{"type":"branch","line":2,"loc":{"start":{"line":2,"column":0},"end":{"line":2,"column":29}},"locations":[{"start":{"line":2,"column":0},"end":{"line":2,"column":29}}]},"21":{"type":"branch","line":2,"loc":{"start":{"line":2,"column":0},"end":{"line":2,"column":29}},"locations":[{"start":{"line":2,"column":0},"end":{"line":2,"column":29}}]},"22":{"type":"branch","line":2,"loc":{"start":{"line":2,"column":0},"end":{"line":2,"column":29}},"locations":[{"start":{"line":2,"column":0},"end":{"line":2,"column":29}}]},"23":{"type":"branch","line":2,"loc":{"start":{"line":2,"column":0},"end":{"line":2,"column":29}},"locations":[{"start":{"line":2,"column":0},"end":{"line":2,"column":29}}]},"24":{"type":"branch","line":2,"loc":{"start":{"line":2,"column":0},"end":{"line":2,"column":29}},"locations":[{"start":{"line":2,"column":0},"end":{"line":2,"column":29}}]},"25":{"type":"branch","line":2,"loc":{"start":{"line":2,"column":0},"end":{"line":2,"column":29}},"locations":[{"start":{"line":2,"column":0},"end":{"line":2,"column":29}}]},"26":{"type":"branch","line":2,"loc":{"start":{"line":2,"column":0},"end":{"line":2,"column":29}},"locations":[{"start":{"line":2,"column":0},"end":{"line":2,"column":29}}]},"27":{"type":"branch","line":2,"loc":{"start":{"line":2,"column":0},"end":{"line":2,"column":29}},"locations":[{"start":{"line":2,"column":0},"end":{"line":2,"column":29}}]},"28":{"type":"branch","line":2,"loc":{"start":{"line":2,"column":0},"end":{"line":2,"column":29}},"locations":[{"start":{"line":2,"column":0},"end":{"line":2,"column":29}}]},"29":{"type":"branch","line":2,"loc":{"start":{"line":2,"column":0},"end":{"line":2,"column":29}},"locations":[{"start":{"line":2,"column":0},"end":{"line":2,"column":29}}]},"30":{"type":"branch","line":2,"loc":{"start":{"line":2,"column":0},"end":{"line":2,"column":29}},"locations":[{"start":{"line":2,"column":0},"end":{"line":2,"column":29}}]},"31":{"type":"branch","line":2,"loc":{"start":{"line":2,"column":0},"end":{"line":2,"column":29}},"locations":[{"start":{"line":2,"column":0},"end":{"line":2,"column":29}}]},"32":{"type":"branch","line":2,"loc":{"start":{"line":2,"column":0},"end":{"line":2,"column":29}},"locations":[{"start":{"line":2,"column":0},"end":{"line":2,"column":29}}]},"33":{"type":"branch","line":2,"loc":{"start":{"line":2,"column":0},"end":{"line":2,"column":29}},"locations":[{"start":{"line":2,"column":0},"end":{"line":2,"column":29}}]},"34":{"type":"branch","line":2,"loc":{"start":{"line":2,"column":0},"end":{"line":2,"column":29}},"locations":[{"start":{"line":2,"column":0},"end":{"line":2,"column":29}}]},"35":{"type":"branch","line":2,"loc":{"start":{"line":2,"column":0},"end":{"line":2,"column":29}},"locations":[{"start":{"line":2,"column":0},"end":{"line":2,"column":29}}]},"36":{"type":"branch","line":2,"loc":{"start":{"line":2,"column":0},"end":{"line":2,"column":29}},"locations":[{"start":{"line":2,"column":0},"end":{"line":2,"column":29}}]},"37":{"type":"branch","line":2,"loc":{"start":{"line":2,"column":0},"end":{"line":2,"column":29}},"locations":[{"start":{"line":2,"column":0},"end":{"line":2,"column":29}}]},"38":{"type":"branch","line":2,"loc":{"start":{"line":2,"column":0},"end":{"line":2,"column":29}},"locations":[{"start":{"line":2,"column":0},"end":{"line":2,"column":29}}]},"39":{"type":"branch","line":2,"loc":{"start":{"line":2,"column":0},"end":{"line":2,"column":29}},"locations":[{"start":{"line":2,"column":0},"end":{"line":2,"column":29}}]},"40":{"type":"branch","line":2,"loc":{"start":{"line":2,"column":0},"end":{"line":2,"column":29}},"locations":[{"start":{"line":2,"column":0},"end":{"line":2,"column":29}}]},"41":{"type":"branch","line":2,"loc":{"start":{"line":2,"column":0},"end":{"line":2,"column":29}},"locations":[{"start":{"line":2,"column":0},"end":{"line":2,"column":29}}]},"42":{"type":"branch","line":2,"loc":{"start":{"line":2,"column":0},"end":{"line":2,"column":29}},"locations":[{"start":{"line":2,"column":0},"end":{"line":2,"column":29}}]},"43":{"type":"branch","line":2,"loc":{"start":{"line":2,"column":0},"end":{"line":2,"column":29}},"locations":[{"start":{"line":2,"column":0},"end":{"line":2,"column":29}}]},"44":{"type":"branch","line":2,"loc":{"start":{"line":2,"column":0},"end":{"line":2,"column":29}},"locations":[{"start":{"line":2,"column":0},"end":{"line":2,"column":29}}]},"45":{"type":"branch","line":5,"loc":{"start":{"line":5,"column":20},"end":{"line":5,"column":76}},"locations":[{"start":{"line":5,"column":20},"end":{"line":5,"column":76}}]},"46":{"type":"branch","line":6,"loc":{"start":{"line":6,"column":14},"end":{"line":6,"column":17}},"locations":[{"start":{"line":6,"column":14},"end":{"line":6,"column":17}}]},"47":{"type":"branch","line":6,"loc":{"start":{"line":6,"column":17},"end":{"line":8,"column":28}},"locations":[{"start":{"line":6,"column":17},"end":{"line":8,"column":28}}]},"48":{"type":"branch","line":6,"loc":{"start":{"line":6,"column":17},"end":{"line":8,"column":28}},"locations":[{"start":{"line":6,"column":17},"end":{"line":8,"column":28}}]},"49":{"type":"branch","line":6,"loc":{"start":{"line":6,"column":17},"end":{"line":7,"column":54}},"locations":[{"start":{"line":6,"column":17},"end":{"line":7,"column":54}}]},"50":{"type":"branch","line":7,"loc":{"start":{"line":7,"column":53},"end":{"line":8,"column":28}},"locations":[{"start":{"line":7,"column":53},"end":{"line":8,"column":28}}]},"51":{"type":"branch","line":11,"loc":{"start":{"line":11,"column":13},"end":{"line":11,"column":16}},"locations":[{"start":{"line":11,"column":13},"end":{"line":11,"column":16}}]},"52":{"type":"branch","line":11,"loc":{"start":{"line":11,"column":16},"end":{"line":13,"column":45}},"locations":[{"start":{"line":11,"column":16},"end":{"line":13,"column":45}}]},"53":{"type":"branch","line":11,"loc":{"start":{"line":11,"column":25},"end":{"line":13,"column":45}},"locations":[{"start":{"line":11,"column":25},"end":{"line":13,"column":45}}]},"54":{"type":"branch","line":11,"loc":{"start":{"line":11,"column":25},"end":{"line":12,"column":34}},"locations":[{"start":{"line":11,"column":25},"end":{"line":12,"column":34}}]},"55":{"type":"branch","line":12,"loc":{"start":{"line":12,"column":33},"end":{"line":13,"column":45}},"locations":[{"start":{"line":12,"column":33},"end":{"line":13,"column":45}}]},"56":{"type":"branch","line":13,"loc":{"start":{"line":13,"column":21},"end":{"line":13,"column":44}},"locations":[{"start":{"line":13,"column":21},"end":{"line":13,"column":44}}]},"57":{"type":"branch","line":15,"loc":{"start":{"line":15,"column":12},"end":{"line":15,"column":15}},"locations":[{"start":{"line":15,"column":12},"end":{"line":15,"column":15}}]},"58":{"type":"branch","line":15,"loc":{"start":{"line":15,"column":15},"end":{"line":19,"column":19}},"locations":[{"start":{"line":15,"column":15},"end":{"line":19,"column":19}}]},"59":{"type":"branch","line":15,"loc":{"start":{"line":15,"column":29},"end":{"line":19,"column":19}},"locations":[{"start":{"line":15,"column":29},"end":{"line":19,"column":19}}]},"60":{"type":"branch","line":15,"loc":{"start":{"line":15,"column":29},"end":{"line":16,"column":34}},"locations":[{"start":{"line":15,"column":29},"end":{"line":16,"column":34}}]},"61":{"type":"branch","line":16,"loc":{"start":{"line":16,"column":33},"end":{"line":18,"column":46}},"locations":[{"start":{"line":16,"column":33},"end":{"line":18,"column":46}}]},"62":{"type":"branch","line":18,"loc":{"start":{"line":18,"column":45},"end":{"line":19,"column":19}},"locations":[{"start":{"line":18,"column":45},"end":{"line":19,"column":19}}]},"63":{"type":"branch","line":21,"loc":{"start":{"line":21,"column":16},"end":{"line":21,"column":19}},"locations":[{"start":{"line":21,"column":16},"end":{"line":21,"column":19}}]},"64":{"type":"branch","line":21,"loc":{"start":{"line":21,"column":19},"end":{"line":29,"column":31}},"locations":[{"start":{"line":21,"column":19},"end":{"line":29,"column":31}}]},"65":{"type":"branch","line":21,"loc":{"start":{"line":21,"column":37},"end":{"line":29,"column":31}},"locations":[{"start":{"line":21,"column":37},"end":{"line":29,"column":31}}]},"66":{"type":"branch","line":21,"loc":{"start":{"line":21,"column":37},"end":{"line":22,"column":34}},"locations":[{"start":{"line":21,"column":37},"end":{"line":22,"column":34}}]},"67":{"type":"branch","line":22,"loc":{"start":{"line":22,"column":33},"end":{"line":29,"column":31}},"locations":[{"start":{"line":22,"column":33},"end":{"line":29,"column":31}}]},"68":{"type":"branch","line":29,"loc":{"start":{"line":29,"column":30},"end":{"line":29,"column":31}},"locations":[{"start":{"line":29,"column":30},"end":{"line":29,"column":31}}]},"69":{"type":"branch","line":23,"loc":{"start":{"line":23,"column":29},"end":{"line":28,"column":5}},"locations":[{"start":{"line":23,"column":29},"end":{"line":28,"column":5}}]},"70":{"type":"branch","line":24,"loc":{"start":{"line":24,"column":31},"end":{"line":26,"column":9}},"locations":[{"start":{"line":24,"column":31},"end":{"line":26,"column":9}}]},"71":{"type":"branch","line":26,"loc":{"start":{"line":26,"column":8},"end":{"line":28,"column":5}},"locations":[{"start":{"line":26,"column":8},"end":{"line":28,"column":5}}]},"72":{"type":"branch","line":31,"loc":{"start":{"line":31,"column":16},"end":{"line":31,"column":19}},"locations":[{"start":{"line":31,"column":16},"end":{"line":31,"column":19}}]},"73":{"type":"branch","line":31,"loc":{"start":{"line":31,"column":19},"end":{"line":33,"column":65}},"locations":[{"start":{"line":31,"column":19},"end":{"line":33,"column":65}}]},"74":{"type":"branch","line":31,"loc":{"start":{"line":31,"column":28},"end":{"line":33,"column":65}},"locations":[{"start":{"line":31,"column":28},"end":{"line":33,"column":65}}]},"75":{"type":"branch","line":31,"loc":{"start":{"line":31,"column":28},"end":{"line":32,"column":34}},"locations":[{"start":{"line":31,"column":28},"end":{"line":32,"column":34}}]},"76":{"type":"branch","line":32,"loc":{"start":{"line":32,"column":33},"end":{"line":33,"column":65}},"locations":[{"start":{"line":32,"column":33},"end":{"line":33,"column":65}}]},"77":{"type":"branch","line":33,"loc":{"start":{"line":33,"column":64},"end":{"line":33,"column":65}},"locations":[{"start":{"line":33,"column":64},"end":{"line":33,"column":65}}]},"78":{"type":"branch","line":33,"loc":{"start":{"line":33,"column":34},"end":{"line":33,"column":63}},"locations":[{"start":{"line":33,"column":34},"end":{"line":33,"column":63}}]}},"b":{"0":[0],"1":[0],"2":[0],"3":[0],"4":[27],"5":[0],"6":[27],"7":[54],"8":[0],"9":[0],"10":[62],"11":[0],"12":[0],"13":[0],"14":[27],"15":[69],"16":[89],"17":[27],"18":[0],"19":[62],"20":[0],"21":[27],"22":[62],"23":[62],"24":[0],"25":[27],"26":[5],"27":[0],"28":[32],"29":[1],"30":[0],"31":[37],"32":[36],"33":[0],"34":[1],"35":[3],"36":[62],"37":[62],"38":[0],"39":[27],"40":[35],"41":[5],"42":[27],"43":[27],"44":[62],"45":[8],"46":[1],"47":[15],"48":[30],"49":[15],"50":[15],"51":[1],"52":[4],"53":[8],"54":[4],"55":[4],"56":[7],"57":[1],"58":[2],"59":[6],"60":[2],"61":[2],"62":[2],"63":[1],"64":[3],"65":[9],"66":[3],"67":[3],"68":[3],"69":[6],"70":[2],"71":[4],"72":[1],"73":[3],"74":[9],"75":[3],"76":[3],"77":[3],"78":[6]},"fnMap":{"0":{"name":"i","decl":{"start":{"line":2,"column":0},"end":{"line":2,"column":29}},"loc":{"start":{"line":2,"column":0},"end":{"line":2,"column":29}},"line":2},"1":{"name":"d","decl":{"start":{"line":2,"column":0},"end":{"line":2,"column":29}},"loc":{"start":{"line":2,"column":0},"end":{"line":2,"column":29}},"line":2},"2":{"name":"d","decl":{"start":{"line":2,"column":0},"end":{"line":2,"column":29}},"loc":{"start":{"line":2,"column":0},"end":{"line":2,"column":29}},"line":2},"3":{"name":"Generator","decl":{"start":{"line":2,"column":0},"end":{"line":2,"column":29}},"loc":{"start":{"line":2,"column":0},"end":{"line":2,"column":29}},"line":2},"4":{"name":"GeneratorFunction","decl":{"start":{"line":2,"column":0},"end":{"line":2,"column":29}},"loc":{"start":{"line":2,"column":0},"end":{"line":2,"column":29}},"line":2},"5":{"name":"GeneratorFunctionPrototype","decl":{"start":{"line":2,"column":0},"end":{"line":2,"column":29}},"loc":{"start":{"line":2,"column":0},"end":{"line":2,"column":29}},"line":2},"6":{"name":"f","decl":{"start":{"line":2,"column":0},"end":{"line":2,"column":29}},"loc":{"start":{"line":2,"column":0},"end":{"line":2,"column":29}},"line":2},"7":{"name":"_regenerator","decl":{"start":{"line":2,"column":0},"end":{"line":2,"column":29}},"loc":{"start":{"line":2,"column":0},"end":{"line":2,"column":29}},"line":2},"8":{"name":"_regeneratorDefine2","decl":{"start":{"line":2,"column":0},"end":{"line":2,"column":29}},"loc":{"start":{"line":2,"column":0},"end":{"line":2,"column":29}},"line":2},"9":{"name":"_regeneratorDefine","decl":{"start":{"line":2,"column":0},"end":{"line":2,"column":29}},"loc":{"start":{"line":2,"column":0},"end":{"line":2,"column":29}},"line":2},"10":{"name":"o","decl":{"start":{"line":2,"column":0},"end":{"line":2,"column":29}},"loc":{"start":{"line":2,"column":0},"end":{"line":2,"column":29}},"line":2},"11":{"name":"asyncGeneratorStep","decl":{"start":{"line":2,"column":0},"end":{"line":2,"column":29}},"loc":{"start":{"line":2,"column":0},"end":{"line":2,"column":29}},"line":2},"12":{"name":"_asyncToGenerator","decl":{"start":{"line":2,"column":0},"end":{"line":2,"column":29}},"loc":{"start":{"line":2,"column":0},"end":{"line":2,"column":29}},"line":2},"13":{"name":"_next","decl":{"start":{"line":2,"column":0},"end":{"line":2,"column":29}},"loc":{"start":{"line":2,"column":0},"end":{"line":2,"column":29}},"line":2},"14":{"name":"_throw","decl":{"start":{"line":2,"column":0},"end":{"line":2,"column":29}},"loc":{"start":{"line":2,"column":0},"end":{"line":2,"column":29}},"line":2},"15":{"name":"saveChanges","decl":{"start":{"line":5,"column":20},"end":{"line":5,"column":76}},"loc":{"start":{"line":5,"column":20},"end":{"line":5,"column":76}},"line":5},"16":{"name":"_callee","decl":{"start":{"line":6,"column":17},"end":{"line":8,"column":28}},"loc":{"start":{"line":6,"column":17},"end":{"line":8,"column":28}},"line":6},"17":{"name":"_callee2","decl":{"start":{"line":11,"column":16},"end":{"line":13,"column":45}},"loc":{"start":{"line":11,"column":16},"end":{"line":13,"column":45}},"line":11},"18":{"name":"_callee3","decl":{"start":{"line":15,"column":15},"end":{"line":19,"column":19}},"loc":{"start":{"line":15,"column":15},"end":{"line":19,"column":19}},"line":15},"19":{"name":"_callee4","decl":{"start":{"line":21,"column":19},"end":{"line":29,"column":31}},"loc":{"start":{"line":21,"column":19},"end":{"line":29,"column":31}},"line":21},"20":{"name":"_callee5","decl":{"start":{"line":31,"column":19},"end":{"line":33,"column":65}},"loc":{"start":{"line":31,"column":19},"end":{"line":33,"column":65}},"line":31}},"f":{"0":27,"1":0,"2":54,"3":0,"4":0,"5":0,"6":5,"7":32,"8":1,"9":37,"10":3,"11":62,"12":5,"13":62,"14":0,"15":8,"16":15,"17":4,"18":2,"19":3,"20":3}}
}
