TN:
SF:store.js
FN:2,i
FN:2,d
FN:2,d
FN:2,Generator
FN:2,GeneratorFunction
FN:2,GeneratorFunctionPrototype
FN:2,f
FN:2,_regenerator
FN:2,_regeneratorDefine2
FN:2,_regeneratorDefine
FN:2,o
FN:2,asyncGeneratorStep
FN:2,_asyncToGenerator
FN:2,_next
FN:2,_throw
FN:5,saveChanges
FN:6,_callee
FN:11,_callee2
FN:15,_callee3
FN:21,_callee4
FN:31,_callee5
FNF:21
FNH:16
FNDA:27,i
FNDA:0,d
FNDA:54,d
FNDA:0,Generator
FNDA:0,GeneratorFunction
FNDA:0,GeneratorFunctionPrototype
FNDA:5,f
FNDA:32,_regenerator
FNDA:1,_regeneratorDefine2
FNDA:37,_regeneratorDefine
FNDA:3,o
FNDA:62,asyncGeneratorStep
FNDA:5,_asyncToGenerator
FNDA:62,_next
FNDA:0,_throw
FNDA:8,saveChanges
FNDA:15,_callee
FNDA:4,_callee2
FNDA:2,_callee3
FNDA:3,_callee4
FNDA:3,_callee5
DA:1,1
DA:2,0
DA:3,1
DA:4,1
DA:5,1
DA:6,1
DA:7,15
DA:8,15
DA:9,1
DA:10,1
DA:11,1
DA:12,4
DA:13,4
DA:14,1
DA:15,1
DA:16,2
DA:17,2
DA:18,2
DA:19,2
DA:20,1
DA:21,1
DA:22,3
DA:23,3
DA:24,6
DA:25,2
DA:26,2
DA:27,4
DA:28,3
DA:29,3
DA:30,1
DA:31,1
DA:32,3
DA:33,3
DA:34,1
DA:35,1
DA:36,1
LF:36
LH:35
BRDA:2,0,0,0
BRDA:2,1,0,0
BRDA:2,2,0,0
BRDA:2,3,0,0
BRDA:2,4,0,27
BRDA:2,5,0,0
BRDA:2,6,0,27
BRDA:2,7,0,54
BRDA:2,8,0,0
BRDA:2,9,0,0
BRDA:2,10,0,62
BRDA:2,11,0,0
BRDA:2,12,0,0
BRDA:2,13,0,0
BRDA:2,14,0,27
BRDA:2,15,0,69
BRDA:2,16,0,89
BRDA:2,17,0,27
BRDA:2,18,0,0
BRDA:2,19,0,62
BRDA:2,20,0,0
BRDA:2,21,0,27
BRDA:2,22,0,62
BRDA:2,23,0,62
BRDA:2,24,0,0
BRDA:2,25,0,27
BRDA:2,26,0,5
BRDA:2,27,0,0
BRDA:2,28,0,32
BRDA:2,29,0,1
BRDA:2,30,0,0
BRDA:2,31,0,37
BRDA:2,32,0,36
BRDA:2,33,0,0
BRDA:2,34,0,1
BRDA:2,35,0,3
BRDA:2,36,0,62
BRDA:2,37,0,62
BRDA:2,38,0,0
BRDA:2,39,0,27
BRDA:2,40,0,35
BRDA:2,41,0,5
BRDA:2,42,0,27
BRDA:2,43,0,27
BRDA:2,44,0,62
BRDA:5,45,0,8
BRDA:6,46,0,1
BRDA:6,47,0,15
BRDA:6,48,0,30
BRDA:6,49,0,15
BRDA:7,50,0,15
BRDA:11,51,0,1
BRDA:11,52,0,4
BRDA:11,53,0,8
BRDA:11,54,0,4
BRDA:12,55,0,4
BRDA:13,56,0,7
BRDA:15,57,0,1
BRDA:15,58,0,2
BRDA:15,59,0,6
BRDA:15,60,0,2
BRDA:16,61,0,2
BRDA:18,62,0,2
BRDA:21,63,0,1
BRDA:21,64,0,3
BRDA:21,65,0,9
BRDA:21,66,0,3
BRDA:22,67,0,3
BRDA:29,68,0,3
BRDA:23,69,0,6
BRDA:24,70,0,2
BRDA:26,71,0,4
BRDA:31,72,0,1
BRDA:31,73,0,3
BRDA:31,74,0,9
BRDA:31,75,0,3
BRDA:32,76,0,3
BRDA:33,77,0,3
BRDA:33,78,0,6
BRF:79
BRH:62
end_of_record
